<?xml version="1.0" encoding="UTF-8"?>
<testng-results skipped="0" failed="1" total="3" passed="2">
  <reporter-output>
    <line>
      <![CDATA[<br>EMail ID<br><font color="green">AIC.null.22.09.18.41.33@dcis.net</font>]]>
    </line>
    <line>
      <![CDATA[<br>EMail ID<br><font color="green"></font>]]>
    </line>
  </reporter-output>
  <suite name="registration-test" duration-ms="14659" started-at="2016-09-22T13:11:19Z" finished-at="2016-09-22T13:11:34Z">
    <groups>
      <group name="Registration.Test.footerdisclaimer">
        <method signature="RegistrationTest.test3(java.lang.String, java.lang.String, java.lang.String)[pri:0, instance:com.formsdirectinc.qa.app.registration.RegistrationTest@3fee9989]" name="test3" class="com.formsdirectinc.qa.app.registration.RegistrationTest"/>
      </group> <!-- Registration.Test.footerdisclaimer -->
      <group name="Registration.Test.scriptVerification">
        <method signature="RegistrationTest.test2(java.lang.String, java.lang.String, java.lang.String)[pri:0, instance:com.formsdirectinc.qa.app.registration.RegistrationTest@3fee9989]" name="test2" class="com.formsdirectinc.qa.app.registration.RegistrationTest"/>
      </group> <!-- Registration.Test.scriptVerification -->
      <group name="Registration.Test.title">
        <method signature="RegistrationTest.test4(java.lang.String, java.lang.String, java.lang.String)[pri:0, instance:com.formsdirectinc.qa.app.registration.RegistrationTest@3fee9989]" name="test4" class="com.formsdirectinc.qa.app.registration.RegistrationTest"/>
      </group> <!-- Registration.Test.title -->
    </groups>
    <test name="Registration-Test" duration-ms="14659" started-at="2016-09-22T13:11:19Z" finished-at="2016-09-22T13:11:34Z">
      <class name="com.formsdirectinc.qa.app.registration.RegistrationTest">
        <test-method status="PASS" signature="startTest(java.lang.String, java.lang.String, java.lang.String, java.lang.String, java.lang.String)[pri:0, instance:com.formsdirectinc.qa.app.registration.RegistrationTest@3fee9989]" name="startTest" is-config="true" duration-ms="12150" started-at="2016-09-22T18:41:19Z" finished-at="2016-09-22T18:41:32Z">
          <params>
            <param index="0">
              <value>
                <![CDATA[AIC]]>
              </value>
            </param>
            <param index="1">
              <value>
                <![CDATA[https://www.us-immigration.com]]>
              </value>
            </param>
            <param index="2">
              <value>
                <![CDATA[i90]]>
              </value>
            </param>
            <param index="3">
              <value>
                <![CDATA[]]>
              </value>
            </param>
            <param index="4">
              <value>
                <![CDATA[123456]]>
              </value>
            </param>
          </params>
          <reporter-output>
          </reporter-output>
        </test-method> <!-- startTest -->
        <test-method status="PASS" signature="test2(java.lang.String, java.lang.String, java.lang.String)[pri:0, instance:com.formsdirectinc.qa.app.registration.RegistrationTest@3fee9989]" name="test2" duration-ms="1352" started-at="2016-09-22T18:41:32Z" finished-at="2016-09-22T18:41:33Z">
          <params>
            <param index="0">
              <value>
                <![CDATA[AIC]]>
              </value>
            </param>
            <param index="1">
              <value>
                <![CDATA[https://www.us-immigration.com]]>
              </value>
            </param>
            <param index="2">
              <value>
                <![CDATA[i90]]>
              </value>
            </param>
          </params>
          <reporter-output>
          </reporter-output>
        </test-method> <!-- test2 -->
        <test-method status="FAIL" signature="test3(java.lang.String, java.lang.String, java.lang.String)[pri:0, instance:com.formsdirectinc.qa.app.registration.RegistrationTest@3fee9989]" name="test3" duration-ms="10" started-at="2016-09-22T18:41:33Z" finished-at="2016-09-22T18:41:33Z">
          <params>
            <param index="0">
              <value>
                <![CDATA[AIC]]>
              </value>
            </param>
            <param index="1">
              <value>
                <![CDATA[https://www.us-immigration.com]]>
              </value>
            </param>
            <param index="2">
              <value>
                <![CDATA[i90]]>
              </value>
            </param>
          </params>
          <exception class="java.lang.NullPointerException">
            <full-stacktrace>
              <![CDATA[java.lang.NullPointerException
	at com.formsdirectinc.qa.app.registration.helpers.RegistrationUtils.verifyRegistrationDisclaimer(RegistrationUtils.java:41)
	at com.formsdirectinc.qa.app.registration.RegistrationTest.test3(RegistrationTest.java:96)
	at sun.reflect.NativeMethodAccessorImpl.invoke0(Native Method)
	at sun.reflect.NativeMethodAccessorImpl.invoke(Unknown Source)
	at sun.reflect.DelegatingMethodAccessorImpl.invoke(Unknown Source)
	at java.lang.reflect.Method.invoke(Unknown Source)
	at org.testng.internal.MethodInvocationHelper.invokeMethod(MethodInvocationHelper.java:86)
	at org.testng.internal.Invoker.invokeMethod(Invoker.java:643)
	at org.testng.internal.Invoker.invokeTestMethod(Invoker.java:820)
	at org.testng.internal.Invoker.invokeTestMethods(Invoker.java:1128)
	at org.testng.internal.TestMethodWorker.invokeTestMethods(TestMethodWorker.java:129)
	at org.testng.internal.TestMethodWorker.run(TestMethodWorker.java:112)
	at org.testng.TestRunner.privateRun(TestRunner.java:782)
	at org.testng.TestRunner.run(TestRunner.java:632)
	at org.testng.SuiteRunner.runTest(SuiteRunner.java:366)
	at org.testng.SuiteRunner.access$000(SuiteRunner.java:39)
	at org.testng.SuiteRunner$SuiteWorker.run(SuiteRunner.java:400)
	at org.testng.internal.thread.ThreadUtil$2.call(ThreadUtil.java:64)
	at java.util.concurrent.FutureTask.run(Unknown Source)
	at java.util.concurrent.ThreadPoolExecutor.runWorker(Unknown Source)
	at java.util.concurrent.ThreadPoolExecutor$Worker.run(Unknown Source)
	at java.lang.Thread.run(Unknown Source)
]]>
            </full-stacktrace>
          </exception> <!-- java.lang.NullPointerException -->
          <reporter-output>
          </reporter-output>
        </test-method> <!-- test3 -->
        <test-method status="PASS" signature="test4(java.lang.String, java.lang.String, java.lang.String)[pri:0, instance:com.formsdirectinc.qa.app.registration.RegistrationTest@3fee9989]" name="test4" duration-ms="20" started-at="2016-09-22T18:41:33Z" finished-at="2016-09-22T18:41:33Z">
          <params>
            <param index="0">
              <value>
                <![CDATA[AIC]]>
              </value>
            </param>
            <param index="1">
              <value>
                <![CDATA[https://www.us-immigration.com]]>
              </value>
            </param>
            <param index="2">
              <value>
                <![CDATA[i90]]>
              </value>
            </param>
          </params>
          <reporter-output>
          </reporter-output>
        </test-method> <!-- test4 -->
        <test-method status="PASS" signature="test(java.lang.String, java.lang.String, java.lang.String)[pri:0, instance:com.formsdirectinc.qa.app.registration.RegistrationTest@3fee9989]" name="test" is-config="true" duration-ms="1103" started-at="2016-09-22T18:41:33Z" finished-at="2016-09-22T18:41:34Z">
          <params>
            <param index="0">
              <value>
                <![CDATA[AIC]]>
              </value>
            </param>
            <param index="1">
              <value>
                <![CDATA[https://www.us-immigration.com]]>
              </value>
            </param>
            <param index="2">
              <value>
                <![CDATA[i90]]>
              </value>
            </param>
          </params>
          <reporter-output>
            <line>
              <![CDATA[<br>EMail ID<br><font color="green">AIC.null.22.09.18.41.33@dcis.net</font>]]>
            </line>
            <line>
              <![CDATA[<br>EMail ID<br><font color="green"></font>]]>
            </line>
          </reporter-output>
        </test-method> <!-- test -->
      </class> <!-- com.formsdirectinc.qa.app.registration.RegistrationTest -->
    </test> <!-- Registration-Test -->
  </suite> <!-- registration-test -->
</testng-results>
