<?xml version="1.0" encoding="UTF-8"?>
<!-- Generated by org.testng.reporters.JUnitXMLReporter -->
<testsuite hostname="otywin-17" name="Login" tests="1" failures="0" timestamp="28 Sep 2016 10:10:15 GMT" time="0.015" errors="0">
  <testcase name="@BeforeSuite setAlert" time="0.0" classname="com.formsdirectinc.qa.app.registration.LoginTest">
    <failure type="java.lang.IllegalArgumentException">
      <![CDATA[java.lang.IllegalArgumentException
	at sun.reflect.NativeMethodAccessorImpl.invoke0(Native Method)
	at sun.reflect.NativeMethodAccessorImpl.invoke(Unknown Source)
	at sun.reflect.DelegatingMethodAccessorImpl.invoke(Unknown Source)
	at java.lang.reflect.Method.invoke(Unknown Source)
	at org.testng.internal.MethodInvocationHelper.invokeMethod(MethodInvocationHelper.java:86)
	at org.testng.internal.Invoker.invokeConfigurationMethod(Invoker.java:514)
	at org.testng.internal.Invoker.invokeConfigurations(Invoker.java:215)
	at org.testng.internal.Invoker.invokeConfigurations(Invoker.java:142)
	at org.testng.SuiteRunner.privateRun(SuiteRunner.java:305)
	at org.testng.SuiteRunner.run(SuiteRunner.java:268)
	at org.testng.SuiteRunnerWorker.runSuite(SuiteRunnerWorker.java:52)
	at org.testng.SuiteRunnerWorker.run(SuiteRunnerWorker.java:86)
	at org.testng.TestNG.runSuitesSequentially(TestNG.java:1244)
	at org.testng.TestNG.runSuitesLocally(TestNG.java:1169)
	at org.testng.TestNG.run(TestNG.java:1064)
	at org.testng.remote.AbstractRemoteTestNG.run(AbstractRemoteTestNG.java:126)
	at org.testng.remote.RemoteTestNG.initAndRun(RemoteTestNG.java:152)
	at org.testng.remote.RemoteTestNG.main(RemoteTestNG.java:57)
]]>
    </failure>
  </testcase> <!-- @BeforeSuite setAlert -->
  <testcase name="@BeforeSuite setLang" time="0.0" classname="com.formsdirectinc.qa.app.registration.LoginTest">
    <skipped/>
  </testcase> <!-- @BeforeSuite setLang -->
  <testcase name="@BeforeSuite setProduct" time="0.0" classname="com.formsdirectinc.qa.app.registration.LoginTest">
    <skipped/>
  </testcase> <!-- @BeforeSuite setProduct -->
  <testcase name="@BeforeSuite setSite" time="0.0" classname="com.formsdirectinc.qa.app.registration.LoginTest">
    <skipped/>
  </testcase> <!-- @BeforeSuite setSite -->
  <testcase name="@BeforeSuite setSiteurl" time="0.0" classname="com.formsdirectinc.qa.app.registration.LoginTest">
    <skipped/>
  </testcase> <!-- @BeforeSuite setSiteurl -->
  <testcase name="@BeforeTest startTest" time="0.0" classname="com.formsdirectinc.qa.app.registration.LoginTest">
    <skipped/>
  </testcase> <!-- @BeforeTest startTest -->
  <testcase name="test" time="0.002" classname="com.formsdirectinc.qa.app.registration.LoginTest">
    <skipped/>
  </testcase> <!-- test -->
</testsuite> <!-- Login -->
