<?xml version="1.0" encoding="UTF-8"?>
<!-- Generated by org.testng.reporters.JUnitXMLReporter -->
<testsuite hostname="otywin-17" name="Registration-Test" tests="4" failures="1" timestamp="23 Sep 2016 11:22:37 GMT" time="31.014" errors="0">
  <testcase name="testCase1" time="0.128" classname="com.formsdirectinc.qa.app.registration.RegistrationTest"/>
  <testcase name="testCase2" time="0.011" classname="com.formsdirectinc.qa.app.registration.RegistrationTest">
    <failure type="java.lang.NullPointerException">
      <![CDATA[java.lang.NullPointerException
	at com.formsdirectinc.qa.app.registration.testcase.Footer.verifyRegistrationDisclaimer(Footer.java:42)
	at com.formsdirectinc.qa.app.registration.RegistrationTest.testCase2(RegistrationTest.java:115)
	at java.util.concurrent.FutureTask.run(Unknown Source)
	at java.util.concurrent.ThreadPoolExecutor.runWorker(Unknown Source)
	at java.util.concurrent.ThreadPoolExecutor$Worker.run(Unknown Source)
	at java.lang.Thread.run(Unknown Source)
... Removed 16 stack frames]]>
    </failure>
  </testcase> <!-- testCase2 -->
  <testcase name="testCase3" time="0.048" classname="com.formsdirectinc.qa.app.registration.RegistrationTest"/>
  <testcase name="testCase4" time="0.248" classname="com.formsdirectinc.qa.app.registration.RegistrationTest"/>
</testsuite> <!-- Registration-Test -->
